---- 19:37:46 ----
Number of face verts in face list\strip 171 = 4
Face List\Strip number 171 is a Strip!
Number of face verts in face list\strip 170 = 4
Face List\Strip number 170 is a Strip!
Number of face verts in face list\strip 169 = 4
Face List\Strip number 169 is a Strip!
Number of face verts in face list\strip 168 = 4
Face List\Strip number 168 is a Strip!
Number of face verts in face list\strip 167 = 4
Face List\Strip number 167 is a Strip!
Number of face verts in face list\strip 166 = 4
Face List\Strip number 166 is a Strip!
Number of face verts in face list\strip 165 = 4
Face List\Strip number 165 is a Strip!
Number of face verts in face list\strip 164 = 4
Face List\Strip number 164 is a Strip!
Number of face verts in face list\strip 163 = 5
Face List\Strip number 163 is a Strip!
Number of face verts in face list\strip 162 = 4
Face List\Strip number 162 is a Strip!
Number of face verts in face list\strip 161 = 4
Face List\Strip number 161 is a Strip!
Number of face verts in face list\strip 160 = 5
Face List\Strip number 160 is a Strip!
Number of face verts in face list\strip 159 = 4
Face List\Strip number 159 is a Strip!
Number of face verts in face list\strip 158 = 4
Face List\Strip number 158 is a Strip!
Number of face verts in face list\strip 157 = 4
Face List\Strip number 157 is a Strip!
Number of face verts in face list\strip 156 = 4
Face List\Strip number 156 is a Strip!
Number of face verts in face list\strip 155 = 4
Face List\Strip number 155 is a Strip!
Number of face verts in face list\strip 154 = 4
Face List\Strip number 154 is a Strip!
Number of face verts in face list\strip 153 = 5
Face List\Strip number 153 is a Strip!
Number of face verts in face list\strip 152 = 4
Face List\Strip number 152 is a Strip!
Number of face verts in face list\strip 151 = 4
Face List\Strip number 151 is a Strip!
Number of face verts in face list\strip 150 = 4
Face List\Strip number 150 is a Strip!
Number of face verts in face list\strip 149 = 4
Face List\Strip number 149 is a Strip!
Number of face verts in face list\strip 148 = 4
Face List\Strip number 148 is a Strip!
Number of face verts in face list\strip 147 = 4
Face List\Strip number 147 is a Strip!
Number of face verts in face list\strip 146 = 4
Face List\Strip number 146 is a Strip!
Number of face verts in face list\strip 145 = 4
Face List\Strip number 145 is a Strip!
Number of face verts in face list\strip 144 = 4
Face List\Strip number 144 is a Strip!
Number of face verts in face list\strip 143 = 4
Face List\Strip number 143 is a Strip!
Number of face verts in face list\strip 142 = 4
Face List\Strip number 142 is a Strip!
Number of face verts in face list\strip 141 = 4
Face List\Strip number 141 is a Strip!
Number of face verts in face list\strip 140 = 4
Face List\Strip number 140 is a Strip!
Number of face verts in face list\strip 139 = 4
Face List\Strip number 139 is a Strip!
Number of face verts in face list\strip 138 = 4
Face List\Strip number 138 is a Strip!
Number of face verts in face list\strip 137 = 4
Face List\Strip number 137 is a Strip!
Number of face verts in face list\strip 136 = 4
Face List\Strip number 136 is a Strip!
Number of face verts in face list\strip 135 = 4
Face List\Strip number 135 is a Strip!
Number of face verts in face list\strip 134 = 4
Face List\Strip number 134 is a Strip!
Number of face verts in face list\strip 133 = 4
Face List\Strip number 133 is a Strip!
Number of face verts in face list\strip 132 = 4
Face List\Strip number 132 is a Strip!
Number of face verts in face list\strip 131 = 4
Face List\Strip number 131 is a Strip!
Number of face verts in face list\strip 130 = 4
Face List\Strip number 130 is a Strip!
Number of face verts in face list\strip 129 = 4
Face List\Strip number 129 is a Strip!
Number of face verts in face list\strip 128 = 5
Face List\Strip number 128 is a Strip!
Number of face verts in face list\strip 127 = 4
Face List\Strip number 127 is a Strip!
Number of face verts in face list\strip 126 = 4
Face List\Strip number 126 is a Strip!
Number of face verts in face list\strip 125 = 4
Face List\Strip number 125 is a Strip!
Number of face verts in face list\strip 124 = 4
Face List\Strip number 124 is a Strip!
Number of face verts in face list\strip 123 = 4
Face List\Strip number 123 is a Strip!
Number of face verts in face list\strip 122 = 4
Face List\Strip number 122 is a Strip!
Number of face verts in face list\strip 121 = 4
Face List\Strip number 121 is a Strip!
Number of face verts in face list\strip 120 = 4
Face List\Strip number 120 is a Strip!
Number of face verts in face list\strip 119 = 4
Face List\Strip number 119 is a Strip!
Number of face verts in face list\strip 118 = 4
Face List\Strip number 118 is a Strip!
Number of face verts in face list\strip 117 = 4
Face List\Strip number 117 is a Strip!
Number of face verts in face list\strip 116 = 4
Face List\Strip number 116 is a Strip!
Number of face verts in face list\strip 115 = 4
Face List\Strip number 115 is a Strip!
Number of face verts in face list\strip 114 = 4
Face List\Strip number 114 is a Strip!
Number of face verts in face list\strip 113 = 4
Face List\Strip number 113 is a Strip!
Number of face verts in face list\strip 112 = 4
Face List\Strip number 112 is a Strip!
Number of face verts in face list\strip 111 = 5
Face List\Strip number 111 is a Strip!
Number of face verts in face list\strip 110 = 4
Face List\Strip number 110 is a Strip!
Number of face verts in face list\strip 109 = 4
Face List\Strip number 109 is a Strip!
Number of face verts in face list\strip 108 = 4
Face List\Strip number 108 is a Strip!
Number of face verts in face list\strip 107 = 4
Face List\Strip number 107 is a Strip!
Number of face verts in face list\strip 106 = 4
Face List\Strip number 106 is a Strip!
Number of face verts in face list\strip 105 = 4
Face List\Strip number 105 is a Strip!
Number of face verts in face list\strip 104 = 4
Face List\Strip number 104 is a Strip!
Number of face verts in face list\strip 103 = 4
Face List\Strip number 103 is a Strip!
Number of face verts in face list\strip 102 = 4
Face List\Strip number 102 is a Strip!
Number of face verts in face list\strip 101 = 4
Face List\Strip number 101 is a Strip!
Number of face verts in face list\strip 100 = 4
Face List\Strip number 100 is a Strip!
Number of face verts in face list\strip 99 = 4
Face List\Strip number 99 is a Strip!
Number of face verts in face list\strip 98 = 4
Face List\Strip number 98 is a Strip!
Number of face verts in face list\strip 97 = 5
Face List\Strip number 97 is a Strip!
Number of face verts in face list\strip 96 = 4
Face List\Strip number 96 is a Strip!
Number of face verts in face list\strip 95 = 4
Face List\Strip number 95 is a Strip!
Number of face verts in face list\strip 94 = 5
Face List\Strip number 94 is a Strip!
Number of face verts in face list\strip 93 = 4
Face List\Strip number 93 is a Strip!
Number of face verts in face list\strip 92 = 4
Face List\Strip number 92 is a Strip!
Number of face verts in face list\strip 91 = 4
Face List\Strip number 91 is a Strip!
Number of face verts in face list\strip 90 = 4
Face List\Strip number 90 is a Strip!
Number of face verts in face list\strip 89 = 4
Face List\Strip number 89 is a Strip!
Number of face verts in face list\strip 88 = 4
Face List\Strip number 88 is a Strip!
Number of face verts in face list\strip 87 = 4
Face List\Strip number 87 is a Strip!
Number of face verts in face list\strip 86 = 4
Face List\Strip number 86 is a Strip!
Number of face verts in face list\strip 85 = 4
Face List\Strip number 85 is a Strip!
Number of face verts in face list\strip 84 = 4
Face List\Strip number 84 is a Strip!
Number of face verts in face list\strip 83 = 4
Face List\Strip number 83 is a Strip!
Number of face verts in face list\strip 82 = 4
Face List\Strip number 82 is a Strip!
Number of face verts in face list\strip 81 = 4
Face List\Strip number 81 is a Strip!
Number of face verts in face list\strip 80 = 4
Face List\Strip number 80 is a Strip!
Number of face verts in face list\strip 79 = 4
Face List\Strip number 79 is a Strip!
Number of face verts in face list\strip 78 = 4
Face List\Strip number 78 is a Strip!
Number of face verts in face list\strip 77 = 4
Face List\Strip number 77 is a Strip!
Number of face verts in face list\strip 76 = 4
Face List\Strip number 76 is a Strip!
Number of face verts in face list\strip 75 = 5
Face List\Strip number 75 is a Strip!
Number of face verts in face list\strip 74 = 4
Face List\Strip number 74 is a Strip!
Number of face verts in face list\strip 73 = 4
Face List\Strip number 73 is a Strip!
Number of face verts in face list\strip 72 = 4
Face List\Strip number 72 is a Strip!
Number of face verts in face list\strip 71 = 4
Face List\Strip number 71 is a Strip!
Number of face verts in face list\strip 70 = 4
Face List\Strip number 70 is a Strip!
Number of face verts in face list\strip 69 = 4
Face List\Strip number 69 is a Strip!
Number of face verts in face list\strip 68 = 4
Face List\Strip number 68 is a Strip!
Number of face verts in face list\strip 67 = 4
Face List\Strip number 67 is a Strip!
Number of face verts in face list\strip 66 = 4
Face List\Strip number 66 is a Strip!
Number of face verts in face list\strip 65 = 4
Face List\Strip number 65 is a Strip!
Number of face verts in face list\strip 64 = 4
Face List\Strip number 64 is a Strip!
Number of face verts in face list\strip 63 = 4
Face List\Strip number 63 is a Strip!
Number of face verts in face list\strip 62 = 5
Face List\Strip number 62 is a Strip!
Number of face verts in face list\strip 61 = 4
Face List\Strip number 61 is a Strip!
Number of face verts in face list\strip 60 = 4
Face List\Strip number 60 is a Strip!
Number of face verts in face list\strip 59 = 4
Face List\Strip number 59 is a Strip!
Number of face verts in face list\strip 58 = 4
Face List\Strip number 58 is a Strip!
Number of face verts in face list\strip 57 = 4
Face List\Strip number 57 is a Strip!
Number of face verts in face list\strip 56 = 4
Face List\Strip number 56 is a Strip!
Number of face verts in face list\strip 55 = 4
Face List\Strip number 55 is a Strip!
Number of face verts in face list\strip 54 = 4
Face List\Strip number 54 is a Strip!
Number of face verts in face list\strip 53 = 4
Face List\Strip number 53 is a Strip!
Number of face verts in face list\strip 52 = 5
Face List\Strip number 52 is a Strip!
Number of face verts in face list\strip 51 = 4
Face List\Strip number 51 is a Strip!
Number of face verts in face list\strip 50 = 4
Face List\Strip number 50 is a Strip!
Number of face verts in face list\strip 49 = 4
Face List\Strip number 49 is a Strip!
Number of face verts in face list\strip 48 = 4
Face List\Strip number 48 is a Strip!
Number of face verts in face list\strip 47 = 5
Face List\Strip number 47 is a Strip!
Number of face verts in face list\strip 46 = 4
Face List\Strip number 46 is a Strip!
Number of face verts in face list\strip 45 = 4
Face List\Strip number 45 is a Strip!
Number of face verts in face list\strip 44 = 4
Face List\Strip number 44 is a Strip!
Number of face verts in face list\strip 43 = 4
Face List\Strip number 43 is a Strip!
Number of face verts in face list\strip 42 = 4
Face List\Strip number 42 is a Strip!
Number of face verts in face list\strip 41 = 4
Face List\Strip number 41 is a Strip!
Number of face verts in face list\strip 40 = 4
Face List\Strip number 40 is a Strip!
Number of face verts in face list\strip 39 = 4
Face List\Strip number 39 is a Strip!
Number of face verts in face list\strip 38 = 5
Face List\Strip number 38 is a Strip!
Number of face verts in face list\strip 37 = 4
Face List\Strip number 37 is a Strip!
Number of face verts in face list\strip 36 = 4
Face List\Strip number 36 is a Strip!
Number of face verts in face list\strip 35 = 4
Face List\Strip number 35 is a Strip!
Number of face verts in face list\strip 34 = 5
Face List\Strip number 34 is a Strip!
Number of face verts in face list\strip 33 = 4
Face List\Strip number 33 is a Strip!
Number of face verts in face list\strip 32 = 4
Face List\Strip number 32 is a Strip!
Number of face verts in face list\strip 31 = 5
Face List\Strip number 31 is a Strip!
Number of face verts in face list\strip 30 = 4
Face List\Strip number 30 is a Strip!
Number of face verts in face list\strip 29 = 4
Face List\Strip number 29 is a Strip!
Number of face verts in face list\strip 28 = 4
Face List\Strip number 28 is a Strip!
Number of face verts in face list\strip 27 = 4
Face List\Strip number 27 is a Strip!
Number of face verts in face list\strip 26 = 4
Face List\Strip number 26 is a Strip!
Number of face verts in face list\strip 25 = 4
Face List\Strip number 25 is a Strip!
Number of face verts in face list\strip 24 = 4
Face List\Strip number 24 is a Strip!
Number of face verts in face list\strip 23 = 4
Face List\Strip number 23 is a Strip!
Number of face verts in face list\strip 22 = 4
Face List\Strip number 22 is a Strip!
Number of face verts in face list\strip 21 = 4
Face List\Strip number 21 is a Strip!
Number of face verts in face list\strip 20 = 4
Face List\Strip number 20 is a Strip!
Number of face verts in face list\strip 19 = 4
Face List\Strip number 19 is a Strip!
Number of face verts in face list\strip 18 = 4
Face List\Strip number 18 is a Strip!
Number of face verts in face list\strip 17 = 4
Face List\Strip number 17 is a Strip!
Number of face verts in face list\strip 16 = 4
Face List\Strip number 16 is a Strip!
Number of face verts in face list\strip 15 = 4
Face List\Strip number 15 is a Strip!
Number of face verts in face list\strip 14 = 4
Face List\Strip number 14 is a Strip!
Number of face verts in face list\strip 13 = 4
Face List\Strip number 13 is a Strip!
Number of face verts in face list\strip 12 = 4
Face List\Strip number 12 is a Strip!
Number of face verts in face list\strip 11 = 4
Face List\Strip number 11 is a Strip!
Number of face verts in face list\strip 10 = 4
Face List\Strip number 10 is a Strip!
Number of face verts in face list\strip 9 = 4
Face List\Strip number 9 is a Strip!
Number of face verts in face list\strip 8 = 4
Face List\Strip number 8 is a Strip!
Number of face verts in face list\strip 7 = 4
Face List\Strip number 7 is a Strip!
Number of face verts in face list\strip 6 = 4
Face List\Strip number 6 is a Strip!
Number of face verts in face list\strip 5 = 5
Face List\Strip number 5 is a Strip!
Number of face verts in face list\strip 4 = 4
Face List\Strip number 4 is a Strip!
Number of face verts in face list\strip 3 = 4
Face List\Strip number 3 is a Strip!
Number of face verts in face list\strip 2 = 5
Face List\Strip number 2 is a Strip!
Number of face verts in face list\strip 1 = 4
Face List\Strip number 1 is a Strip!
Number of Face Lists\Strips: 186
Number of Vertices: 1205
Vertex Mask: 27
Material Index for THIS mesh: 1
Number of face verts in face list\strip 48 = 10
Face List\Strip number 48 is a Strip!
Number of face verts in face list\strip 47 = 10
Face List\Strip number 47 is a Strip!
Number of face verts in face list\strip 46 = 10
Face List\Strip number 46 is a Strip!
Number of face verts in face list\strip 45 = 10
Face List\Strip number 45 is a Strip!
Number of face verts in face list\strip 44 = 10
Face List\Strip number 44 is a Strip!
Number of face verts in face list\strip 43 = 10
Face List\Strip number 43 is a Strip!
Number of face verts in face list\strip 42 = 10
Face List\Strip number 42 is a Strip!
Number of face verts in face list\strip 41 = 10
Face List\Strip number 41 is a Strip!
Number of face verts in face list\strip 40 = 4
Face List\Strip number 40 is a Strip!
Number of face verts in face list\strip 39 = 5
Face List\Strip number 39 is a Strip!
Number of face verts in face list\strip 38 = 5
Face List\Strip number 38 is a Strip!
Number of face verts in face list\strip 37 = 5
Face List\Strip number 37 is a Strip!
Number of face verts in face list\strip 36 = 5
Face List\Strip number 36 is a Strip!
Number of face verts in face list\strip 35 = 5
Face List\Strip number 35 is a Strip!
Number of face verts in face list\strip 34 = 7
Face List\Strip number 34 is a Strip!
Number of face verts in face list\strip 33 = 4
Face List\Strip number 33 is a Strip!
Number of face verts in face list\strip 32 = 4
Face List\Strip number 32 is a Strip!
Number of face verts in face list\strip 31 = 5
Face List\Strip number 31 is a Strip!
Number of face verts in face list\strip 30 = 5
Face List\Strip number 30 is a Strip!
Number of face verts in face list\strip 29 = 5
Face List\Strip number 29 is a Strip!
Number of face verts in face list\strip 28 = 5
Face List\Strip number 28 is a Strip!
Number of face verts in face list\strip 27 = 5
Face List\Strip number 27 is a Strip!
Number of face verts in face list\strip 26 = 7
Face List\Strip number 26 is a Strip!
Number of face verts in face list\strip 25 = 4
Face List\Strip number 25 is a Strip!
Number of face verts in face list\strip 24 = 10
Face List\Strip number 24 is a Strip!
Number of face verts in face list\strip 23 = 10
Face List\Strip number 23 is a Strip!
Number of face verts in face list\strip 22 = 10
Face List\Strip number 22 is a Strip!
Number of face verts in face list\strip 21 = 10
Face List\Strip number 21 is a Strip!
Number of face verts in face list\strip 20 = 10
Face List\Strip number 20 is a Strip!
Number of face verts in face list\strip 19 = 10
Face List\Strip number 19 is a Strip!
Number of face verts in face list\strip 18 = 10
Face List\Strip number 18 is a Strip!
Number of face verts in face list\strip 17 = 10
Face List\Strip number 17 is a Strip!
Number of face verts in face list\strip 16 = 5
Face List\Strip number 16 is a Strip!
Number of face verts in face list\strip 15 = 5
Face List\Strip number 15 is a Strip!
Number of face verts in face list\strip 14 = 5
Face List\Strip number 14 is a Strip!
Number of face verts in face list\strip 13 = 5
Face List\Strip number 13 is a Strip!
Number of face verts in face list\strip 12 = 5
Face List\Strip number 12 is a Strip!
Number of face verts in face list\strip 11 = 5
Face List\Strip number 11 is a Strip!
Number of face verts in face list\strip 10 = 5
Face List\Strip number 10 is a Strip!
Number of face verts in face list\strip 9 = 5
Face List\Strip number 9 is a Strip!
Number of face verts in face list\strip 8 = 4
Face List\Strip number 8 is a Strip!
Number of face verts in face list\strip 7 = 5
Face List\Strip number 7 is a Strip!
Number of face verts in face list\strip 6 = 5
Face List\Strip number 6 is a Strip!
Number of face verts in face list\strip 5 = 5
Face List\Strip number 5 is a Strip!
Number of face verts in face list\strip 4 = 5
Face List\Strip number 4 is a Strip!
Number of face verts in face list\strip 3 = 5
Face List\Strip number 3 is a Strip!
Number of face verts in face list\strip 2 = 7
Face List\Strip number 2 is a Strip!
Number of face verts in face list\strip 1 = 4
Face List\Strip number 1 is a Strip!
Number of Face Lists\Strips: 48
Number of Vertices: 224
Vertex Mask: 27
Material Index for THIS mesh: 0
Number of objects: 3
LoD of THIS mesh: 0
Version: 1400
Sub-Form ID: BMSH
FORM Length = 71082
Sub-Form ID: NRML
Parent's Name: Root
Length of name of parent: 4
Name: Root_goblins
Length of name: 12
MULTi-Mesh Version: 1000
MULTiMesh FORM ID2: GOBG
MULTiMesh FORM Length: 71122
MULTiMesh FORM ID: NRML
Form Length: 71122
Form Name: NRML
Number of face verts in face list\strip 74 = 144
Face List\Strip number 74 is a List!
Number of face verts in face list\strip 73 = 4
Face List\Strip number 73 is a Strip!
Number of face verts in face list\strip 72 = 4
Face List\Strip number 72 is a Strip!
Number of face verts in face list\strip 71 = 4
Face List\Strip number 71 is a Strip!
Number of face verts in face list\strip 70 = 4
Face List\Strip number 70 is a Strip!
Number of face verts in face list\strip 69 = 4
Face List\Strip number 69 is a Strip!
Number of face verts in face list\strip 68 = 4
Face List\Strip number 68 is a Strip!
Number of face verts in face list\strip 67 = 4
Face List\Strip number 67 is a Strip!
Number of face verts in face list\strip 66 = 4
Face List\Strip number 66 is a Strip!
Number of face verts in face list\strip 65 = 4
Face List\Strip number 65 is a Strip!
Number of face verts in face list\strip 64 = 4
Face List\Strip number 64 is a Strip!
Number of face verts in face list\strip 63 = 4
Face List\Strip number 63 is a Strip!
Number of face verts in face list\strip 62 = 4
Face List\Strip number 62 is a Strip!
Number of face verts in face list\strip 61 = 4
Face List\Strip number 61 is a Strip!
Number of face verts in face list\strip 60 = 4
Face List\Strip number 60 is a Strip!
Number of face verts in face list\strip 59 = 4
Face List\Strip number 59 is a Strip!
Number of face verts in face list\strip 58 = 4
Face List\Strip number 58 is a Strip!
Number of face verts in face list\strip 57 = 4
Face List\Strip number 57 is a Strip!
Number of face verts in face list\strip 56 = 4
Face List\Strip number 56 is a Strip!
Number of face verts in face list\strip 55 = 4
Face List\Strip number 55 is a Strip!
Number of face verts in face list\strip 54 = 4
Face List\Strip number 54 is a Strip!
Number of face verts in face list\strip 53 = 4
Face List\Strip number 53 is a Strip!
Number of face verts in face list\strip 52 = 4
Face List\Strip number 52 is a Strip!
Number of face verts in face list\strip 51 = 4
Face List\Strip number 51 is a Strip!
Number of face verts in face list\strip 50 = 5
Face List\Strip number 50 is a Strip!
Number of face verts in face list\strip 49 = 4
Face List\Strip number 49 is a Strip!
Number of face verts in face list\strip 48 = 4
Face List\Strip number 48 is a Strip!
Number of face verts in face list\strip 47 = 4
Face List\Strip number 47 is a Strip!
Number of face verts in face list\strip 46 = 4
Face List\Strip number 46 is a Strip!
Number of face verts in face list\strip 45 = 4
Face List\Strip number 45 is a Strip!
Number of face verts in face list\strip 44 = 4
Face List\Strip number 44 is a Strip!
Number of face verts in face list\strip 43 = 4
Face List\Strip number 43 is a Strip!
Number of face verts in face list\strip 42 = 4
Face List\Strip number 42 is a Strip!
Number of face verts in face list\strip 41 = 5
Face List\Strip number 41 is a Strip!
Number of face verts in face list\strip 40 = 4
Face List\Strip number 40 is a Strip!
Number of face verts in face list\strip 39 = 4
Face List\Strip number 39 is a Strip!
Number of face verts in face list\strip 38 = 4
Face List\Strip number 38 is a Strip!
Number of face verts in face list\strip 37 = 4
Face List\Strip number 37 is a Strip!
Number of face verts in face list\strip 36 = 4
Face List\Strip number 36 is a Strip!
Number of face verts in face list\strip 35 = 6
Face List\Strip number 35 is a Strip!
Number of face verts in face list\strip 34 = 4
Face List\Strip number 34 is a Strip!
Number of face verts in face list\strip 33 = 4
Face List\Strip number 33 is a Strip!
Number of face verts in face list\strip 32 = 7
Face List\Strip number 32 is a Strip!
Number of face verts in face list\strip 31 = 9
Face List\Strip number 31 is a Strip!
Number of face verts in face list\strip 30 = 4
Face List\Strip number 30 is a Strip!
Number of face verts in face list\strip 29 = 4
Face List\Strip number 29 is a Strip!
Number of face verts in face list\strip 28 = 4
Face List\Strip number 28 is a Strip!
Number of face verts in face list\strip 27 = 4
Face List\Strip number 27 is a Strip!
Number of face verts in face list\strip 26 = 4
Face List\Strip number 26 is a Strip!
Number of face verts in face list\strip 25 = 4
Face List\Strip number 25 is a Strip!
Number of face verts in face list\strip 24 = 4
Face List\Strip number 24 is a Strip!
Number of face verts in face list\strip 23 = 4
Face List\Strip number 23 is a Strip!
Number of face verts in face list\strip 22 = 4
Face List\Strip number 22 is a Strip!
Number of face verts in face list\strip 21 = 4
Face List\Strip number 21 is a Strip!
Number of face verts in face list\strip 20 = 4
Face List\Strip number 20 is a Strip!
Number of face verts in face list\strip 19 = 4
Face List\Strip number 19 is a Strip!
Number of face verts in face list\strip 18 = 4
Face List\Strip number 18 is a Strip!
Number of face verts in face list\strip 17 = 4
Face List\Strip number 17 is a Strip!
Number of face verts in face list\strip 16 = 4
Face List\Strip number 16 is a Strip!
Number of face verts in face list\strip 15 = 4
Face List\Strip number 15 is a Strip!
Number of face verts in face list\strip 14 = 6
Face List\Strip number 14 is a Strip!
Number of face verts in face list\strip 13 = 4
Face List\Strip number 13 is a Strip!
Number of face verts in face list\strip 12 = 4
Face List\Strip number 12 is a Strip!
Number of face verts in face list\strip 11 = 4
Face List\Strip number 11 is a Strip!
Number of face verts in face list\strip 10 = 5
Face List\Strip number 10 is a Strip!
Number of face verts in face list\strip 9 = 4
Face List\Strip number 9 is a Strip!
Number of face verts in face list\strip 8 = 4
Face List\Strip number 8 is a Strip!
Number of face verts in face list\strip 7 = 4
Face List\Strip number 7 is a Strip!
Number of face verts in face list\strip 6 = 4
Face List\Strip number 6 is a Strip!
Number of face verts in face list\strip 5 = 6
Face List\Strip number 5 is a Strip!
Number of face verts in face list\strip 4 = 6
Face List\Strip number 4 is a Strip!
Number of face verts in face list\strip 3 = 5
Face List\Strip number 3 is a Strip!
Number of face verts in face list\strip 2 = 4
Face List\Strip number 2 is a Strip!
Number of face verts in face list\strip 1 = 4
Face List\Strip number 1 is a Strip!
Number of Face Lists\Strips: 74
Number of Vertices: 402
Vertex Mask: 27
Material Index for THIS mesh: 2
Number of face verts in face list\strip 1 = 4
Face List\Strip number 1 is a Strip!
Number of Face Lists\Strips: 1
Number of Vertices: 4
Vertex Mask: 27
Material Index for THIS mesh: 4
Number of face verts in face list\strip 280 = 462
Face List\Strip number 280 is a List!
Number of face verts in face list\strip 279 = 4
Face List\Strip number 279 is a Strip!
Number of face verts in face list\strip 278 = 4
Face List\Strip number 278 is a Strip!
Number of face verts in face list\strip 277 = 4
Face List\Strip number 277 is a Strip!
Number of face verts in face list\strip 276 = 4
Face List\Strip number 276 is a Strip!
Number of face verts in face list\strip 275 = 4
Face List\Strip number 275 is a Strip!
Number of face verts in face list\strip 274 = 4
Face List\Strip number 274 is a Strip!
Number of face verts in face list\strip 273 = 4
Face List\Strip number 273 is a Strip!
Number of face verts in face list\strip 272 = 4
Face List\Strip number 272 is a Strip!
Number of face verts in face list\strip 271 = 4
Face List\Strip number 271 is a Strip!
Number of face verts in face list\strip 270 = 4
Face List\Strip number 270 is a Strip!
Number of face verts in face list\strip 269 = 4
Face List\Strip number 269 is a Strip!
Number of face verts in face list\strip 268 = 4
Face List\Strip number 268 is a Strip!
Number of face verts in face list\strip 267 = 4
Face List\Strip number 267 is a Strip!
Number of face verts in face list\strip 266 = 4
Face List\Strip number 266 is a Strip!
Number of face verts in face list\strip 265 = 4
Face List\Strip number 265 is a Strip!
Number of face verts in face list\strip 264 = 4
Face List\Strip number 264 is a Strip!
Number of face verts in face list\strip 263 = 4
Face List\Strip number 263 is a Strip!
Number of face verts in face list\strip 262 = 4
Face List\Strip number 262 is a Strip!
Number of face verts in face list\strip 261 = 4
Face List\Strip number 261 is a Strip!
Number of face verts in face list\strip 260 = 4
Face List\Strip number 260 is a Strip!
Number of face verts in face list\strip 259 = 4
Face List\Strip number 259 is a Strip!
Number of face verts in face list\strip 258 = 4
Face List\Strip number 258 is a Strip!
Number of face verts in face list\strip 257 = 4
Face List\Strip number 257 is a Strip!
Number of face verts in face list\strip 256 = 4
Face List\Strip number 256 is a Strip!
Number of face verts in face list\strip 255 = 4
Face List\Strip number 255 is a Strip!
Number of face verts in face list\strip 254 = 4
Face List\Strip number 254 is a Strip!
Number of face verts in face list\strip 253 = 4
Face List\Strip number 253 is a Strip!
Number of face verts in face list\strip 252 = 4
Face List\Strip number 252 is a Strip!
Number of face verts in face list\strip 251 = 4
Face List\Strip number 251 is a Strip!
Number of face verts in face list\strip 250 = 4
Face List\Strip number 250 is a Strip!
Number of face verts in face list\strip 249 = 4
Face List\Strip number 249 is a Strip!
Number of face verts in face list\strip 248 = 4
Face List\Strip number 248 is a Strip!
Number of face verts in face list\strip 247 = 4
Face List\Strip number 247 is a Strip!
Number of face verts in face list\strip 246 = 4
Face List\Strip number 246 is a Strip!
Number of face verts in face list\strip 245 = 4
Face List\Strip number 245 is a Strip!
Number of face verts in face list\strip 244 = 4
Face List\Strip number 244 is a Strip!
Number of face verts in face list\strip 243 = 4
Face List\Strip number 243 is a Strip!
Number of face verts in face list\strip 242 = 4
Face List\Strip number 242 is a Strip!
Number of face verts in face list\strip 241 = 4
Face List\Strip number 241 is a Strip!
Number of face verts in face list\strip 240 = 4
Face List\Strip number 240 is a Strip!
Number of face verts in face list\strip 239 = 5
Face List\Strip number 239 is a Strip!
Number of face verts in face list\strip 238 = 4
Face List\Strip number 238 is a Strip!
Number of face verts in face list\strip 237 = 4
Face List\Strip number 237 is a Strip!
Number of face verts in face list\strip 236 = 4
Face List\Strip number 236 is a Strip!
Number of face verts in face list\strip 235 = 4
Face List\Strip number 235 is a Strip!
Number of face verts in face list\strip 234 = 4
Face List\Strip number 234 is a Strip!
Number of face verts in face list\strip 233 = 4
Face List\Strip number 233 is a Strip!
Number of face verts in face list\strip 232 = 4
Face List\Strip number 232 is a Strip!
Number of face verts in face list\strip 231 = 4
Face List\Strip number 231 is a Strip!
Number of face verts in face list\strip 230 = 4
Face List\Strip number 230 is a Strip!
Number of face verts in face list\strip 229 = 4
Face List\Strip number 229 is a Strip!
Number of face verts in face list\strip 228 = 4
Face List\Strip number 228 is a Strip!
Number of face verts in face list\strip 227 = 4
Face List\Strip number 227 is a Strip!
Number of face verts in face list\strip 226 = 4
Face List\Strip number 226 is a Strip!
Number of face verts in face list\strip 225 = 4
Face List\Strip number 225 is a Strip!
Number of face verts in face list\strip 224 = 4
Face List\Strip number 224 is a Strip!
Number of face verts in face list\strip 223 = 4
Face List\Strip number 223 is a Strip!
Number of face verts in face list\strip 222 = 4
Face List\Strip number 222 is a Strip!
Number of face verts in face list\strip 221 = 4
Face List\Strip number 221 is a Strip!
Number of face verts in face list\strip 220 = 5
Face List\Strip number 220 is a Strip!
Number of face verts in face list\strip 219 = 4
Face List\Strip number 219 is a Strip!
Number of face verts in face list\strip 218 = 4
Face List\Strip number 218 is a Strip!
Number of face verts in face list\strip 217 = 4
Face List\Strip number 217 is a Strip!
Number of face verts in face list\strip 216 = 4
Face List\Strip number 216 is a Strip!
Number of face verts in face list\strip 215 = 4
Face List\Strip number 215 is a Strip!
Number of face verts in face list\strip 214 = 4
Face List\Strip number 214 is a Strip!
Number of face verts in face list\strip 213 = 4
Face List\Strip number 213 is a Strip!
Number of face verts in face list\strip 212 = 4
Face List\Strip number 212 is a Strip!
Number of face verts in face list\strip 211 = 4
Face List\Strip number 211 is a Strip!
Number of face verts in face list\strip 210 = 4
Face List\Strip number 210 is a Strip!
Number of face verts in face list\strip 209 = 4
Face List\Strip number 209 is a Strip!
Number of face verts in face list\strip 208 = 4
Face List\Strip number 208 is a Strip!
Number of face verts in face list\strip 207 = 4
Face List\Strip number 207 is a Strip!
Number of face verts in face list\strip 206 = 4
Face List\Strip number 206 is a Strip!
Number of face verts in face list\strip 205 = 4
Face List\Strip number 205 is a Strip!
Number of face verts in face list\strip 204 = 4
Face List\Strip number 204 is a Strip!
Number of face verts in face list\strip 203 = 4
Face List\Strip number 203 is a Strip!
Number of face verts in face list\strip 202 = 4
Face List\Strip number 202 is a Strip!
Number of face verts in face list\strip 201 = 5
Face List\Strip number 201 is a Strip!
Number of face verts in face list\strip 200 = 4
Face List\Strip number 200 is a Strip!
Number of face verts in face list\strip 199 = 4
Face List\Strip number 199 is a Strip!
Number of face verts in face list\strip 198 = 4
Face List\Strip number 198 is a Strip!
Number of face verts in face list\strip 197 = 4
Face List\Strip number 197 is a Strip!
Number of face verts in face list\strip 196 = 4
Face List\Strip number 196 is a Strip!
Number of face verts in face list\strip 195 = 7
Face List\Strip number 195 is a Strip!
Number of face verts in face list\strip 194 = 4
Face List\Strip number 194 is a Strip!
Number of face verts in face list\strip 193 = 4
Face List\Strip number 193 is a Strip!
Number of face verts in face list\strip 192 = 4
Face List\Strip number 192 is a Strip!
Number of face verts in face list\strip 191 = 5
Face List\Strip number 191 is a Strip!
Number of face verts in face list\strip 190 = 4
Face List\Strip number 190 is a Strip!
Number of face verts in face list\strip 189 = 4
Face List\Strip number 189 is a Strip!
Number of face verts in face list\strip 188 = 4
Face List\Strip number 188 is a Strip!
Number of face verts in face list\strip 187 = 6
Face List\Strip number 187 is a Strip!
Number of face verts in face list\strip 186 = 4
Face List\Strip number 186 is a Strip!
Number of face verts in face list\strip 185 = 4
Face List\Strip number 185 is a Strip!
Number of face verts in face list\strip 184 = 4
Face List\Strip number 184 is a Strip!
Number of face verts in face list\strip 183 = 4
Face List\Strip number 183 is a Strip!
Number of face verts in face list\strip 182 = 4
Face List\Strip number 182 is a Strip!
Number of face verts in face list\strip 181 = 4
Face List\Strip number 181 is a Strip!
Number of face verts in face list\strip 180 = 4
Face List\Strip number 180 is a Strip!
Number of face verts in face list\strip 179 = 4
Face List\Strip number 179 is a Strip!
Number of face verts in face list\strip 178 = 4
Face List\Strip number 178 is a Strip!
Number of face verts in face list\strip 177 = 4
Face List\Strip number 177 is a Strip!
Number of face verts in face list\strip 176 = 4
Face List\Strip number 176 is a Strip!
Number of face verts in face list\strip 175 = 4
Face List\Strip number 175 is a Strip!
Number of face verts in face list\strip 174 = 4
Face List\Strip number 174 is a Strip!
Number of face verts in face list\strip 173 = 4
Face List\Strip number 173 is a Strip!
Number of face verts in face list\strip 172 = 4
Face List\Strip number 172 is a Strip!
Number of face verts in face list\strip 171 = 4
Face List\Strip number 171 is a Strip!
Number of face verts in face list\strip 170 = 4
Face List\Strip number 170 is a Strip!
Number of face verts in face list\strip 169 = 4
Face List\Strip number 169 is a Strip!
Number of face verts in face list\strip 168 = 4
Face List\Strip number 168 is a Strip!
Number of face verts in face list\strip 167 = 4
Face List\Strip number 167 is a Strip!
Number of face verts in face list\strip 166 = 4
Face List\Strip number 166 is a Strip!
Number of face verts in face list\strip 165 = 4
Face List\Strip number 165 is a Strip!
Number of face verts in face list\strip 164 = 4
Face List\Strip number 164 is a Strip!
Number of face verts in face list\strip 163 = 4
Face List\Strip number 163 is a Strip!
Number of face verts in face list\strip 162 = 4
Face List\Strip number 162 is a Strip!
Number of face verts in face list\strip 161 = 4
Face List\Strip number 161 is a Strip!
Number of face verts in face list\strip 160 = 4
Face List\Strip number 160 is a Strip!
Number of face verts in face list\strip 159 = 4
Face List\Strip number 159 is a Strip!
Number of face verts in face list\strip 158 = 4
Face List\Strip number 158 is a Strip!
Number of face verts in face list\strip 157 = 4
Face List\Strip number 157 is a Strip!
Number of face verts in face list\strip 156 = 4
Face List\Strip number 156 is a Strip!
Number of face verts in face list\strip 155 = 4
Face List\Strip number 155 is a Strip!
Number of face verts in face list\strip 154 = 5
Face List\Strip number 154 is a Strip!
Number of face verts in face list\strip 153 = 4
Face List\Strip number 153 is a Strip!
Number of face verts in face list\strip 152 = 4
Face List\Strip number 152 is a Strip!
Number of face verts in face list\strip 151 = 4
Face List\Strip number 151 is a Strip!
Number of face verts in face list\strip 150 = 4
Face List\Strip number 150 is a Strip!
Number of face verts in face list\strip 149 = 4
Face List\Strip number 149 is a Strip!
Number of face verts in face list\strip 148 = 4
Face List\Strip number 148 is a Strip!
Number of face verts in face list\strip 147 = 4
Face List\Strip number 147 is a Strip!
Number of face verts in face list\strip 146 = 4
Face List\Strip number 146 is a Strip!
Number of face verts in face list\strip 145 = 4
Face List\Strip number 145 is a Strip!
Number of face verts in face list\strip 144 = 6
Face List\Strip number 144 is a Strip!
Number of face verts in face list\strip 143 = 4
Face List\Strip number 143 is a Strip!
Number of face verts in face list\strip 142 = 4
Face List\Strip number 142 is a Strip!
Number of face verts in face list\strip 141 = 4
Face List\Strip number 141 is a Strip!
Number of face verts in face list\strip 140 = 4
Face List\Strip number 140 is a Strip!
Number of face verts in face list\strip 139 = 4
Face List\Strip number 139 is a Strip!
Number of face verts in face list\strip 138 = 4
Face List\Strip number 138 is a Strip!
Number of face verts in face list\strip 137 = 5
Face List\Strip number 137 is a Strip!
Number of face verts in face list\strip 136 = 4
Face List\Strip number 136 is a Strip!
Number of face verts in face list\strip 135 = 5
Face List\Strip number 135 is a Strip!
Number of face verts in face list\strip 134 = 4
Face List\Strip number 134 is a Strip!
Number of face verts in face list\strip 133 = 4
Face List\Strip number 133 is a Strip!
Number of face verts in face list\strip 132 = 4
Face List\Strip number 132 is a Strip!
Number of face verts in face list\strip 131 = 4
Face List\Strip number 131 is a Strip!
Number of face verts in face list\strip 130 = 4
Face List\Strip number 130 is a Strip!
Number of face verts in face list\strip 129 = 4
Face List\Strip number 129 is a Strip!
Number of face verts in face list\strip 128 = 4
Face List\Strip number 128 is a Strip!
Number of face verts in face list\strip 127 = 4
Face List\Strip number 127 is a Strip!
Number of face verts in face list\strip 126 = 4
Face List\Strip number 126 is a Strip!
Number of face verts in face list\strip 125 = 5
Face List\Strip number 125 is a Strip!
Number of face verts in face list\strip 124 = 4
Face List\Strip number 124 is a Strip!
Number of face verts in face list\strip 123 = 4
Face List\Strip number 123 is a Strip!
Number of face verts in face list\strip 122 = 4
Face List\Strip number 122 is a Strip!
Number of face verts in face list\strip 121 = 4
Face List\Strip number 121 is a Strip!
Number of face verts in face list\strip 120 = 4
Face List\Strip number 120 is a Strip!
Number of face verts in face list\strip 119 = 4
Face List\Strip number 119 is a Strip!
Number of face verts in face list\strip 118 = 4
Face List\Strip number 118 is a Strip!
Number of face verts in face list\strip 117 = 4
Face List\Strip number 117 is a Strip!
Number of face verts in face list\strip 116 = 4
Face List\Strip number 116 is a Strip!
Number of face verts in face list\strip 115 = 4
Face List\Strip number 115 is a Strip!
Number of face verts in face list\strip 114 = 4
Face List\Strip number 114 is a Strip!
Number of face verts in face list\strip 113 = 5
Face List\Strip number 113 is a Strip!
Number of face verts in face list\strip 112 = 4
Face List\Strip number 112 is a Strip!
Number of face verts in face list\strip 111 = 4
Face List\Strip number 111 is a Strip!
Number of face verts in face list\strip 110 = 4
Face List\Strip number 110 is a Strip!
Number of face verts in face list\strip 109 = 4
Face List\Strip number 109 is a Strip!
Number of face verts in face list\strip 108 = 4
Face List\Strip number 108 is a Strip!
Number of face verts in face list\strip 107 = 4
Face List\Strip number 107 is a Strip!
Number of face verts in face list\strip 106 = 4
Face List\Strip number 106 is a Strip!
Number of face verts in face list\strip 105 = 4
Face List\Strip number 105 is a Strip!
Number of face verts in face list\strip 104 = 4
Face List\Strip number 104 is a Strip!
Number of face verts in face list\strip 103 = 4
Face List\Strip number 103 is a Strip!
Number of face verts in face list\strip 102 = 4
Face List\Strip number 102 is a Strip!
Number of face verts in face list\strip 101 = 4
Face List\Strip number 101 is a Strip!
Number of face verts in face list\strip 100 = 4
Face List\Strip number 100 is a Strip!
Number of face verts in face list\strip 99 = 4
Face List\Strip number 99 is a Strip!
Number of face verts in face list\strip 98 = 4
Face List\Strip number 98 is a Strip!
Number of face verts in face list\strip 97 = 5
Face List\Strip number 97 is a Strip!
Number of face verts in face list\strip 96 = 10
Face List\Strip number 96 is a Strip!
Number of face verts in face list\strip 95 = 4
Face List\Strip number 95 is a Strip!
Number of face verts in face list\strip 94 = 4
Face List\Strip number 94 is a Strip!
Number of face verts in face list\strip 93 = 5
Face List\Strip number 93 is a Strip!
Number of face verts in face list\strip 92 = 6
Face List\Strip number 92 is a Strip!
Number of face verts in face list\strip 91 = 5
Face List\Strip number 91 is a Strip!
Number of face verts in face list\strip 90 = 4
Face List\Strip number 90 is a Strip!
Number of face verts in face list\strip 89 = 4
Face List\Strip number 89 is a Strip!
Number of face verts in face list\strip 88 = 4
Face List\Strip number 88 is a Strip!
Number of face verts in face list\strip 87 = 5
Face List\Strip number 87 is a Strip!
Number of face verts in face list\strip 86 = 4
Face List\Strip number 86 is a Strip!
Number of face verts in face list\strip 85 = 4
Face List\Strip number 85 is a Strip!
Number of face verts in face list\strip 84 = 4
Face List\Strip number 84 is a Strip!
Number of face verts in face list\strip 83 = 4
Face List\Strip number 83 is a Strip!
Number of face verts in face list\strip 82 = 4
Face List\Strip number 82 is a Strip!
Number of face verts in face list\strip 81 = 4
Face List\Strip number 81 is a Strip!
Number of face verts in face list\strip 80 = 4
Face List\Strip number 80 is a Strip!
Number of face verts in face list\strip 79 = 4
Face List\Strip number 79 is a Strip!
Number of face verts in face list\strip 78 = 4
Face List\Strip number 78 is a Strip!
Number of face verts in face list\strip 77 = 4
Face List\Strip number 77 is a Strip!
Number of face verts in face list\strip 76 = 4
Face List\Strip number 76 is a Strip!
Number of face verts in face list\strip 75 = 4
Face List\Strip number 75 is a Strip!
Number of face verts in face list\strip 74 = 5
Face List\Strip number 74 is a Strip!
Number of face verts in face list\strip 73 = 4
Face List\Strip number 73 is a Strip!
Number of face verts in face list\strip 72 = 4
Face List\Strip number 72 is a Strip!
Number of face verts in face list\strip 71 = 4
Face List\Strip number 71 is a Strip!
Number of face verts in face list\strip 70 = 4
Face List\Strip number 70 is a Strip!
Number of face verts in face list\strip 69 = 4
Face List\Strip number 69 is a Strip!
Number of face verts in face list\strip 68 = 4
Face List\Strip number 68 is a Strip!
Number of face verts in face list\strip 67 = 4
Face List\Strip number 67 is a Strip!
Number of face verts in face list\strip 66 = 4
Face List\Strip number 66 is a Strip!
Number of face verts in face list\strip 65 = 4
Face List\Strip number 65 is a Strip!
Number of face verts in face list\strip 64 = 4
Face List\Strip number 64 is a Strip!
Number of face verts in face list\strip 63 = 4
Face List\Strip number 63 is a Strip!
Number of face verts in face list\strip 62 = 6
Face List\Strip number 62 is a Strip!
Number of face verts in face list\strip 61 = 4
Face List\Strip number 61 is a Strip!
Number of face verts in face list\strip 60 = 4
Face List\Strip number 60 is a Strip!
Number of face verts in face list\strip 59 = 4
Face List\Strip number 59 is a Strip!
Number of face verts in face list\strip 58 = 4
Face List\Strip number 58 is a Strip!
Number of face verts in face list\strip 57 = 4
Face List\Strip number 57 is a Strip!
Number of face verts in face list\strip 56 = 4
Face List\Strip number 56 is a Strip!
Number of face verts in face list\strip 55 = 4
Face List\Strip number 55 is a Strip!
Number of face verts in face list\strip 54 = 4
Face List\Strip number 54 is a Strip!
Number of face verts in face list\strip 53 = 4
Face List\Strip number 53 is a Strip!
Number of face verts in face list\strip 52 = 4
Face List\Strip number 52 is a Strip!
Number of face verts in face list\strip 51 = 4
Face List\Strip number 51 is a Strip!
Number of face verts in face list\strip 50 = 4
Face List\Strip number 50 is a Strip!
Number of face verts in face list\strip 49 = 4
Face List\Strip number 49 is a Strip!
Number of face verts in face list\strip 48 = 4
Face List\Strip number 48 is a Strip!
Number of face verts in face list\strip 47 = 4
Face List\Strip number 47 is a Strip!
Number of face verts in face list\strip 46 = 4
Face List\Strip number 46 is a Strip!
Number of face verts in face list\strip 45 = 4
Face List\Strip number 45 is a Strip!
Number of face verts in face list\strip 44 = 4
Face List\Strip number 44 is a Strip!
Number of face verts in face list\strip 43 = 4
Face List\Strip number 43 is a Strip!
Number of face verts in face list\strip 42 = 5
Face List\Strip number 42 is a Strip!
Number of face verts in face list\strip 41 = 4
Face List\Strip number 41 is a Strip!
Number of face verts in face list\strip 40 = 4
Face List\Strip number 40 is a Strip!
Number of face verts in face list\strip 39 = 6
Face List\Strip number 39 is a Strip!
Number of face verts in face list\strip 38 = 4
Face List\Strip number 38 is a Strip!
Number of face verts in face list\strip 37 = 4
Face List\Strip number 37 is a Strip!
Number of face verts in face list\strip 36 = 4
Face List\Strip number 36 is a Strip!
Number of face verts in face list\strip 35 = 4
Face List\Strip number 35 is a Strip!
Number of face verts in face list\strip 34 = 4
Face List\Strip number 34 is a Strip!
Number of face verts in face list\strip 33 = 4
Face List\Strip number 33 is a Strip!
Number of face verts in face list\strip 32 = 4
Face List\Strip number 32 is a Strip!
Number of face verts in face list\strip 31 = 4
Face List\Strip number 31 is a Strip!
Number of face verts in face list\strip 30 = 4
Face List\Strip number 30 is a Strip!
Number of face verts in face list\strip 29 = 4
Face List\Strip number 29 is a Strip!
Number of face verts in face list\strip 28 = 4
Face List\Strip number 28 is a Strip!
Number of face verts in face list\strip 27 = 4
Face List\Strip number 27 is a Strip!
Number of face verts in face list\strip 26 = 4
Face List\Strip number 26 is a Strip!
Number of face verts in face list\strip 25 = 4
Face List\Strip number 25 is a Strip!
Number of face verts in face list\strip 24 = 4
Face List\Strip number 24 is a Strip!
Number of face verts in face list\strip 23 = 4
Face List\Strip number 23 is a Strip!
Number of face verts in face list\strip 22 = 4
Face List\Strip number 22 is a Strip!
Number of face verts in face list\strip 21 = 4
Face List\Strip number 21 is a Strip!
Number of face verts in face list\strip 20 = 4
Face List\Strip number 20 is a Strip!
Number of face verts in face list\strip 19 = 4
Face List\Strip number 19 is a Strip!
Number of face verts in face list\strip 18 = 4
Face List\Strip number 18 is a Strip!
Number of face verts in face list\strip 17 = 4
Face List\Strip number 17 is a Strip!
Number of face verts in face list\strip 16 = 4
Face List\Strip number 16 is a Strip!
Number of face verts in face list\strip 15 = 4
Face List\Strip number 15 is a Strip!
Number of face verts in face list\strip 14 = 5
Face List\Strip number 14 is a Strip!
Number of face verts in face list\strip 13 = 4
Face List\Strip number 13 is a Strip!
Number of face verts in face list\strip 12 = 4
Face List\Strip number 12 is a Strip!
Number of face verts in face list\strip 11 = 4
Face List\Strip number 11 is a Strip!
Number of face verts in face list\strip 10 = 4
Face List\Strip number 10 is a Strip!
Number of face verts in face list\strip 9 = 4
Face List\Strip number 9 is a Strip!
Number of face verts in face list\strip 8 = 4
Face List\Strip number 8 is a Strip!
Number of face verts in face list\strip 7 = 4
Face List\Strip number 7 is a Strip!
Number of face verts in face list\strip 6 = 4
Face List\Strip number 6 is a Strip!
Number of face verts in face list\strip 5 = 4
Face List\Strip number 5 is a Strip!
Number of face verts in face list\strip 4 = 4
Face List\Strip number 4 is a Strip!
Number of face verts in face list\strip 3 = 4
Face List\Strip number 3 is a Strip!
Number of face verts in face list\strip 2 = 4
Face List\Strip number 2 is a Strip!
Number of face verts in face list\strip 1 = 4
Face List\Strip number 1 is a Strip!
Number of Face Lists\Strips: 280
Number of Vertices: 1523
Vertex Mask: 27
Material Index for THIS mesh: 1
Number of face verts in face list\strip 10 = 4
Face List\Strip number 10 is a Strip!
Number of face verts in face list\strip 9 = 4
Face List\Strip number 9 is a Strip!
Number of face verts in face list\strip 8 = 4
Face List\Strip number 8 is a Strip!
Number of face verts in face list\strip 7 = 4
Face List\Strip number 7 is a Strip!
Number of face verts in face list\strip 6 = 4
Face List\Strip number 6 is a Strip!
Number of face verts in face list\strip 5 = 4
Face List\Strip number 5 is a Strip!
Number of face verts in face list\strip 4 = 5
Face List\Strip number 4 is a Strip!
Number of face verts in face list\strip 3 = 5
Face List\Strip number 3 is a Strip!
Number of face verts in face list\strip 2 = 5
Face List\Strip number 2 is a Strip!
Number of face verts in face list\strip 1 = 5
Face List\Strip number 1 is a Strip!
Number of Face Lists\Strips: 10
Number of Vertices: 32
Vertex Mask: 27
Material Index for THIS mesh: 0
Number of face verts in face list\strip 54 = 126
Face List\Strip number 54 is a List!
Number of face verts in face list\strip 53 = 5
Face List\Strip number 53 is a Strip!
Number of face verts in face list\strip 52 = 5
Face List\Strip number 52 is a Strip!
Number of face verts in face list\strip 51 = 5
Face List\Strip number 51 is a Strip!
Number of face verts in face list\strip 50 = 4
Face List\Strip number 50 is a Strip!
Number of face verts in face list\strip 49 = 4
Face List\Strip number 49 is a Strip!
Number of face verts in face list\strip 48 = 4
Face List\Strip number 48 is a Strip!
Number of face verts in face list\strip 47 = 4
Face List\Strip number 47 is a Strip!
Number of face verts in face list\strip 46 = 4
Face List\Strip number 46 is a Strip!
Number of face verts in face list\strip 45 = 4
Face List\Strip number 45 is a Strip!
Number of face verts in face list\strip 44 = 4
Face List\Strip number 44 is a Strip!
Number of face verts in face list\strip 43 = 4
Face List\Strip number 43 is a Strip!
Number of face verts in face list\strip 42 = 4
Face List\Strip number 42 is a Strip!
Number of face verts in face list\strip 41 = 4
Face List\Strip number 41 is a Strip!
Number of face verts in face list\strip 40 = 4
Face List\Strip number 40 is a Strip!
Number of face verts in face list\strip 39 = 4
Face List\Strip number 39 is a Strip!
Number of face verts in face list\strip 38 = 4
Face List\Strip number 38 is a Strip!
Number of face verts in face list\strip 37 = 4
Face List\Strip number 37 is a Strip!
Number of face verts in face list\strip 36 = 4
Face List\Strip number 36 is a Strip!
Number of face verts in face list\strip 35 = 4
Face List\Strip number 35 is a Strip!
Number of face verts in face list\strip 34 = 8
Face List\Strip number 34 is a Strip!
Number of face verts in face list\strip 33 = 4
Face List\Strip number 33 is a Strip!
Number of face verts in face list\strip 32 = 4
Face List\Strip number 32 is a Strip!
Number of face verts in face list\strip 31 = 5
Face List\Strip number 31 is a Strip!
Number of face verts in face list\strip 30 = 4
Face List\Strip number 30 is a Strip!
Number of face verts in face list\strip 29 = 4
Face List\Strip number 29 is a Strip!
Number of face verts in face list\strip 28 = 4
Face List\Strip number 28 is a Strip!
Number of face verts in face list\strip 27 = 4
Face List\Strip number 27 is a Strip!
Number of face verts in face list\strip 26 = 4
Face List\Strip number 26 is a Strip!
Number of face verts in face list\strip 25 = 4
Face List\Strip number 25 is a Strip!
Number of face verts in face list\strip 24 = 4
Face List\Strip number 24 is a Strip!
Number of face verts in face list\strip 23 = 4
Face List\Strip number 23 is a Strip!
Number of face verts in face list\strip 22 = 4
Face List\Strip number 22 is a Strip!
Number of face verts in face list\strip 21 = 4
Face List\Strip number 21 is a Strip!
Number of face verts in face list\strip 20 = 4
Face List\Strip number 20 is a Strip!
Number of face verts in face list\strip 19 = 4
Face List\Strip number 19 is a Strip!
Number of face verts in face list\strip 18 = 4
Face List\Strip number 18 is a Strip!
Number of face verts in face list\strip 17 = 4
Face List\Strip number 17 is a Strip!
Number of face verts in face list\strip 16 = 4
Face List\Strip number 16 is a Strip!
Number of face verts in face list\strip 15 = 4
Face List\Strip number 15 is a Strip!
Number of face verts in face list\strip 14 = 4
Face List\Strip number 14 is a Strip!
Number of face verts in face list\strip 13 = 4
Face List\Strip number 13 is a Strip!
Number of face verts in face list\strip 12 = 4
Face List\Strip number 12 is a Strip!
Number of face verts in face list\strip 11 = 4
Face List\Strip number 11 is a Strip!
Number of face verts in face list\strip 10 = 4
Face List\Strip number 10 is a Strip!
Number of face verts in face list\strip 9 = 4
Face List\Strip number 9 is a Strip!
Number of face verts in face list\strip 8 = 4
Face List\Strip number 8 is a Strip!
Number of face verts in face list\strip 7 = 4
Face List\Strip number 7 is a Strip!
Number of face verts in face list\strip 6 = 5
Face List\Strip number 6 is a Strip!
Number of face verts in face list\strip 5 = 6
Face List\Strip number 5 is a Strip!
Number of face verts in face list\strip 4 = 4
Face List\Strip number 4 is a Strip!
Number of face verts in face list\strip 3 = 4
Face List\Strip number 3 is a Strip!
Number of face verts in face list\strip 2 = 4
Face List\Strip number 2 is a Strip!
Number of face verts in face list\strip 1 = 8
Face List\Strip number 1 is a Strip!
Number of Face Lists\Strips: 54
Number of Vertices: 335
Vertex Mask: 27
Material Index for THIS mesh: 3
Number of objects: 5
LoD of THIS mesh: 0
Version: 1400
Sub-Form ID: BMSH
FORM Length = 100218
Sub-Form ID: NRML
Number of BMSH Sub-Forms ( mostly LODs ): 1
Parent's Name: Root
Length of name of parent: 4
Name: Root_mesh
Length of name: 9
MULTi-Mesh Version: 1400
MULTiMesh FORM ID2: MULT
MULTiMesh FORM Length: 100259
MULTiMesh FORM ID: NRML
Form Length: 100259
Form Name: NRML
Width of Image: 64
Height of Image: 64
Number of Mip Maps: 5
Compression Type: DXT5
File Name: C:/Documents and Settings/Paul/Desktop/Hw2/Hgn_CrewStation/Hgn_CrewStaion_Badge_EXPORT.psd[3]
File Name Length: 93
Form Length: 5601
LMIP Form: LMIP
Form Length: 5601
Form Name: LMIP
Width of Image: 64
Height of Image: 64
Number of Mip Maps: 5
Compression Type: DXT5
File Name: C:/Documents and Settings/Paul/Desktop/Hw2/Hgn_CrewStation/Hgn_CrewStaion_Badge_EXPORT.psd[1]
File Name Length: 93
Form Length: 5601
LMIP Form: LMIP
Form Length: 5601
Form Name: LMIP
Width of Image: 64
Height of Image: 64
Number of Mip Maps: 5
Compression Type: DXT5
File Name: C:/Documents and Settings/Paul/Desktop/Hw2/Hgn_CrewStation/Hgn_CrewStaion_Badge_EXPORT.psd[2]
File Name Length: 93
Form Length: 5601
LMIP Form: LMIP
Form Length: 5601
Form Name: LMIP
Width of Image: 256
Height of Image: 256
Number of Mip Maps: 7
Compression Type: DXT5
File Name: C:/Documents and Settings/Paul/Desktop/Hw2/Hgn_CrewStation/Hgn_CrewStaion_Leftover_2.psd[2]
File Name Length: 91
Form Length: 87535
LMIP Form: LMIP
Form Length: 87535
Form Name: LMIP
Width of Image: 256
Height of Image: 256
Number of Mip Maps: 7
Compression Type: DXT5
File Name: C:/Documents and Settings/Paul/Desktop/Hw2/Hgn_CrewStation/Hgn_CrewStaion_Leftover_2.psd[1]
File Name Length: 91
Form Length: 87535
LMIP Form: LMIP
Form Length: 87535
Form Name: LMIP
Width of Image: 256
Height of Image: 256
Number of Mip Maps: 7
Compression Type: DXT5
File Name: C:/Documents and Settings/Paul/Desktop/Hw2/Hgn_CrewStation/Hgn_CrewStation_Leftover.psd[2]
File Name Length: 90
Form Length: 87534
LMIP Form: LMIP
Form Length: 87534
Form Name: LMIP
Width of Image: 256
Height of Image: 256
Number of Mip Maps: 7
Compression Type: DXT5
File Name: C:/Documents and Settings/Paul/Desktop/Hw2/Hgn_CrewStation/Hgn_CrewStation_Leftover.psd[1]
File Name Length: 90
Form Length: 87534
LMIP Form: LMIP
Form Length: 87534
Form Name: LMIP
Width of Image: 512
Height of Image: 512
Number of Mip Maps: 8
Compression Type: DXT5
File Name: C:/Documents and Settings/Paul/Desktop/Hw2/Hgn_CrewStation/Hgn_CrewStation_Front_EXPORT.psd[6]
File Name Length: 94
Form Length: 349690
LMIP Form: LMIP
Form Length: 349690
Form Name: LMIP
Width of Image: 512
Height of Image: 512
Number of Mip Maps: 8
Compression Type: DXT5
File Name: C:/Documents and Settings/Paul/Desktop/Hw2/Hgn_CrewStation/Hgn_CrewStation_Front_EXPORT.psd[3]
File Name Length: 94
Form Length: 349690
LMIP Form: LMIP
Form Length: 349690
Form Name: LMIP
Width of Image: 64
Height of Image: 64
Number of Mip Maps: 5
Compression Type: DXT5
File Name: C:/Documents and Settings/Paul/Desktop/Hw2/Hgn_CrewStation/Hgn_Crew_Engine_EXPORT.psd[5]
File Name Length: 88
Form Length: 5596
LMIP Form: LMIP
Form Length: 5596
Form Name: LMIP
Width of Image: 64
Height of Image: 64
Number of Mip Maps: 5
Compression Type: DXT5
File Name: C:/Documents and Settings/Paul/Desktop/Hw2/Hgn_CrewStation/Hgn_Crew_Engine_EXPORT.psd[3]
File Name Length: 88
Form Length: 5596
LMIP Form: LMIP
Form Length: 5596
Form Name: LMIP
Width of Image: 64
Height of Image: 64
Number of Mip Maps: 5
Compression Type: DXT5
File Name: C:/Documents and Settings/Paul/Desktop/Hw2/Hgn_CrewStation/Hgn_Crew_Engine_EXPORT.psd[4]
File Name Length: 88
Form Length: 5596
LMIP Form: LMIP
Form Length: 5596
Form Name: LMIP
Width of Image: 64
Height of Image: 64
Number of Mip Maps: 5
Compression Type: DXT5
File Name: C:/Documents and Settings/Paul/Desktop/Hw2/Hgn_CrewStation/Hgn_Crew_Engine_EXPORT.psd[2]
File Name Length: 88
Form Length: 5596
LMIP Form: LMIP
Form Length: 5596
Form Name: LMIP
Number of layers for this material: 0
Name of shader: default
Length of name of shader: 7
Name of material: lambert1
Length of name of material: 8
STAT Version: 1001
Form Length: 35
Form Name: NRML
Name of Layer: $glow
Length of name of layer = 5
Starting layer for this material's 'Parameter 3' = 12
Name of Layer: $diffuse
Length of name of layer = 8
Starting layer for this material's 'Parameter 2' = 11
Name of Layer: $mask
Length of name of layer = 5
Starting layer for this material's 'Parameter 1' = 10
Number of layers for this material: 3
Name of shader: badge
Length of name of shader: 5
Name of material: hw2Shader3
Length of name of material: 10
STAT Version: 1001
Form Length: 101
Form Name: NRML
Name of Layer: $glow
Length of name of layer = 5
Starting layer for this material's 'Parameter 2' = 9
Name of Layer: $diffuse
Length of name of layer = 8
Starting layer for this material's 'Parameter 1' = 8
Number of layers for this material: 2
Name of shader: ship
Length of name of shader: 4
Name of material: hw2Shader2
Length of name of material: 10
STAT Version: 1001
Form Length: 79
Form Name: NRML
Name of Layer: $glow
Length of name of layer = 5
Starting layer for this material's 'Parameter 2' = 7
Name of Layer: $diffuse
Length of name of layer = 8
Starting layer for this material's 'Parameter 1' = 6
Number of layers for this material: 2
Name of shader: ship
Length of name of shader: 4
Name of material: Hgn_CrewStation_Leftover
Length of name of material: 24
STAT Version: 1001
Form Length: 93
Form Name: NRML
Name of Layer: $glow
Length of name of layer = 5
Starting layer for this material's 'Parameter 2' = 5
Name of Layer: $diffuse
Length of name of layer = 8
Starting layer for this material's 'Parameter 1' = 4
Number of layers for this material: 2
Name of shader: ship
Length of name of shader: 4
Name of material: hw2Shader
Length of name of material: 9
STAT Version: 1001
Form Length: 78
Form Name: NRML
Name of Layer: $glowOff
Length of name of layer = 8
Starting layer for this material's 'Parameter 4' = 3
Name of Layer: $glowOn
Length of name of layer = 7
Starting layer for this material's 'Parameter 3' = 2
Name of Layer: $diffuseOff
Length of name of layer = 11
Starting layer for this material's 'Parameter 2' = 1
Name of Layer: $diffuseOn
Length of name of layer = 10
Starting layer for this material's 'Parameter 1' = 0
Number of layers for this material: 4
Name of shader: thruster
Length of name of shader: 8
Name of material: hw2Shader1
Length of name of material: 10
STAT Version: 1001
Form Length: 138
Form Name: NRML
Form Length: 1260782
Form Name: FORM
Type of HW2 HOD: Homeworld2 Multi Mesh File
Name ID? NAME
Form Length: 30
Form Name: FORM
HOD Version: 512
Version Identifier: VERS
Form Length: 8
Form Name: FORM
Reading HOD...

------------------
